"../../../Engine/Content/Animation/DefaultAnimCurveCompressionSettings.uasset" 0
"../../../Engine/Content/ArtTools/RenderToTexture/Enums/RenderToTexture_Enum.uasset" 1
"../../../Engine/Content/ArtTools/RenderToTexture/Enums/RenderToTexture_Flipbook_Enum.uasset" 2
"../../../Engine/Content/ArtTools/RenderToTexture/Enums/RenderToTexture_Imposter_Enum.uasset" 3
"../../../Engine/Content/EditorBlueprintResources/StandardMacros.uasset" 4
"../../../Engine/Content/ArtTools/RenderToTexture/Enums/EIntTypes.uasset" 5
"../../../Engine/Content/ArtTools/RenderToTexture/Macros/RenderToTextureFunctionLibrary.uasset" 6
"../../../Engine/Content/ArtTools/RenderToTexture/Enums/EFloatTypes.uasset" 7
"../../../Engine/Content/ArtTools/RenderToTexture/Macros/RenderToTextureMacros.uasset" 8
"../../../Engine/Content/Functions/Engine_MaterialFunctions01/Opacity/CameraDepthFade.uasset" 9
"../../../Engine/Content/EngineMaterials/T_Default_Material_Grid_M.uasset" 10
"../../../Engine/Content/EngineMaterials/T_Default_Material_Grid_N.uasset" 11
"../../../Engine/Content/EngineMaterials/WorldGridMaterial.uasset" 12
"../../../Engine/Content/ArtTools/RenderToTexture/Meshes/S_1_Unit_Plane.uasset" 13
"../../../Engine/Content/BasicShapes/BasicShapeMaterial.uasset" 14
"../../../Engine/Content/EngineMaterials/DefaultMaterial.uasset" 15
"../../../Engine/Content/BasicShapes/Cone.uasset" 16
"../../../Engine/Content/BasicShapes/Cube.uasset" 17
"../../../Engine/Content/BasicShapes/Cylinder.uasset" 18
"../../../Engine/Content/BasicShapes/Sphere.uasset" 19
"../../../Engine/Content/EngineMaterials/DefaultPhysicalMaterial.uasset" 20
"../../../Engine/Content/BufferVisualization/AmbientOcclusion.uasset" 21
"../../../Engine/Content/BufferVisualization/BaseColor.uasset" 22
"../../../Engine/Content/BufferVisualization/CustomDepth.uasset" 23
"../../../Engine/Content/Functions/Engine_MaterialFunctions02/Utility/VectorLength.uasset" 24
"../../../Engine/Content/BufferVisualization/CustomDepthWorldUnits.uasset" 25
"../../../Engine/Content/Functions/Engine_MaterialFunctions02/Utility/BreakOutFloat2Components.uasset" 26
"../../../Engine/Content/Functions/Engine_MaterialFunctions01/Texturing/ScaleUVsByCenter.uasset" 27
"../../../Engine/Content/Functions/Engine_MaterialFunctions02/ScreenResolution.uasset" 28
"../../../Engine/Content/Functions/Engine_MaterialFunctions02/Texturing/ScreenAlignedUVs.uasset" 29
"../../../Engine/Content/Functions/Engine_MaterialFunctions02/Utility/MakeFloat2.uasset" 30
"../../../Engine/Content/Functions/Engine_MaterialFunctions02/Utility/MakeFloat3.uasset" 31
"../../../Engine/Content/EngineMaterials/MiniFont.uasset" 32
"../../../Engine/Content/BufferVisualization/CustomStencil.uasset" 33
"../../../Engine/Content/BufferVisualization/FinalImage.uasset" 34
"../../../Engine/Content/BufferVisualization/LightingModel.uasset" 35
"../../../Engine/Content/BufferVisualization/MaterialAO.uasset" 36
"../../../Engine/Content/BufferVisualization/Metallic.uasset" 37
"../../../Engine/Content/BufferVisualization/Opacity.uasset" 38
"../../../Engine/Content/BufferVisualization/PostTonemapHDRColor.uasset" 39
"../../../Engine/Content/BufferVisualization/PreTonemapHDRColor.uasset" 40
"../../../Engine/Content/BufferVisualization/Roughness.uasset" 41
"../../../Engine/Content/BufferVisualization/SceneColor.uasset" 42
"../../../Engine/Content/BufferVisualization/SceneDepth.uasset" 43
"../../../Engine/Content/BufferVisualization/SceneDepthWorldUnits.uasset" 44
"../../../Engine/Content/BufferVisualization/SeparateTranslucencyA.uasset" 45
"../../../Engine/Content/BufferVisualization/SeparateTranslucencyRGB.uasset" 46
"../../../Engine/Content/BufferVisualization/Specular.uasset" 47
"../../../Engine/Content/BufferVisualization/SubsurfaceColor.uasset" 48
"../../../Engine/Content/BufferVisualization/Velocity.uasset" 49
"../../../Engine/Content/BufferVisualization/WorldNormal.uasset" 50
"../../../Engine/Content/EditorLandscapeResources/DataLayer.uasset" 51
"../../../Engine/Content/EditorLandscapeResources/DefaultAlphaTexture.uasset" 52
"../../../Engine/Content/EditorLandscapeResources/LandscapeGizmoHeight_Mat.uasset" 53
"../../../Engine/Content/EditorLandscapeResources/LandscapeGizmo_Mat.uasset" 54
"../../../Engine/Content/EditorLandscapeResources/LandscapeGizmo_Mat_Copied.uasset" 55
"../../../Engine/Content/EditorLandscapeResources/SplineEditorMeshMat.uasset" 56
"../../../Engine/Content/EditorLandscapeResources/SplineEditorMesh.uasset" 57
"../../../Engine/Content/EditorMaterials/Cross.uasset" 58
"../../../Engine/Content/EditorMaterials/Cross_Mat.uasset" 59
"../../../Engine/Content/EditorMaterials/GizmoMaterial.uasset" 60
"../../../Engine/Content/Functions/Engine_MaterialFunctions02/ExampleContent/Textures/flipbook.uasset" 61
"../../../Engine/Content/Functions/Engine_MaterialFunctions02/Texturing/FlipBook.uasset" 62
"../../../Engine/Content/Functions/Engine_MaterialFunctions02/Utility/Sign.uasset" 63
"../../../Engine/Content/Functions/Engine_MaterialFunctions02/Utility/Round.uasset" 64
"../../../Engine/Content/EditorResources/T_EditorHelp.uasset" 65
"../../../Engine/Content/EditorMaterials/HelpActorMaterial.uasset" 66
"../../../Engine/Content/EditorMaterials/CompositeARGBLayer.uasset" 67
"../../../Engine/Content/EditorMaterials/TilingAALineIntegral.uasset" 68
"../../../Engine/Content/EditorMaterials/TilingAALineBoxFiltered.uasset" 69
"../../../Engine/Content/Functions/Engine_MaterialFunctions03/Procedurals/ComputeFilterWidth.uasset" 70
"../../../Engine/Content/EditorMaterials/TilingAADots.uasset" 71
"../../../Engine/Content/EngineMaterials/BlendFunc_DefBase.uasset" 72
"../../../Engine/Content/EngineMaterials/BlendFunc_DefBlend.uasset" 73
"../../../Engine/Content/Functions/Engine_MaterialFunctions03/Blends/Blend_Screen.uasset" 74
"../../../Engine/Content/EditorMaterials/TilingAAGrid.uasset" 75
"../../../Engine/Content/EditorMaterials/LevelGridMaterial.uasset" 76
"../../../Engine/Content/EditorMaterials/MakeCompositeARGBLayer.uasset" 77
"../../../Engine/Content/EditorResources/LevelGrid1DStripes.uasset" 78
"../../../Engine/Content/EditorMaterials/TextureGridCascaded1D.uasset" 79
"../../../Engine/Content/EditorMaterials/TextureGridCascaded2D.uasset" 80
"../../../Engine/Content/EditorMaterials/LevelGridMaterial2.uasset" 81
"../../../Engine/Content/EditorMaterials/MAT_Groups_Toggle.uasset" 82
"../../../Engine/Content/EditorMaterials/MAT_Groups_Visibility.uasset" 83
"../../../Engine/Content/EditorMaterials/PhAT_BoneSelectedMaterial.uasset" 84
"../../../Engine/Content/EditorMaterials/PhAT_ElemSelectedMaterial.uasset" 85
"../../../Engine/Content/EditorMaterials/PhAT_NoCollisionMaterial.uasset" 86
"../../../Engine/Content/EditorMaterials/PhAT_UnselectedMaterial.uasset" 87
"../../../Engine/Content/EditorMaterials/PreviewShadowIndicator.uasset" 88
"../../../Engine/Content/EditorMaterials/PreviewShadowIndicatorMaterial.uasset" 89
"../../../Engine/Content/EditorMaterials/TargetIcon.uasset" 90
"../../../Engine/Content/EditorMaterials/Tick.uasset" 91
"../../../Engine/Content/EditorMaterials/Tick_Mat.uasset" 92
"../../../Engine/Content/EditorMaterials/WidgetGridVertexColorMaterial.uasset" 93
"../../../Engine/Content/EditorMaterials/WidgetGridVertexColorMaterial_Ma.uasset" 94
"../../../Engine/Content/EditorMaterials/WidgetMaterial.uasset" 95
"../../../Engine/Content/EditorMaterials/WidgetMaterial_Current.uasset" 96
"../../../Engine/Content/EditorMaterials/WidgetMaterial_X.uasset" 97
"../../../Engine/Content/EditorMaterials/WidgetMaterial_Y.uasset" 98
"../../../Engine/Content/EditorMaterials/WidgetMaterial_Z.uasset" 99
"../../../Engine/Content/EditorMaterials/WidgetVertexColorMaterial.uasset" 100
"../../../Engine/Content/EditorMaterials/MatineeGroups/MAT_ColorTrack.uasset" 101
"../../../Engine/Content/EditorMaterials/MatineeGroups/MAT_Groups_Anim.uasset" 102
"../../../Engine/Content/EditorMaterials/MatineeGroups/MAT_Groups_AudioMaster.uasset" 103
"../../../Engine/Content/EditorMaterials/MatineeGroups/MAT_Groups_Director.uasset" 104
"../../../Engine/Content/EditorMaterials/MatineeGroups/MAT_Groups_Event.uasset" 105
"../../../Engine/Content/EditorMaterials/MatineeGroups/MAT_Groups_Fade.uasset" 106
"../../../Engine/Content/EditorMaterials/MatineeGroups/MAT_Groups_Float.uasset" 107
"../../../Engine/Content/EditorMaterials/MatineeGroups/MAT_Groups_Move.uasset" 108
"../../../Engine/Content/EditorMaterials/MatineeGroups/MAT_Groups_Slomo.uasset" 109
"../../../Engine/Content/EditorMaterials/MatineeGroups/MAT_Groups_Sound.uasset" 110
"../../../Engine/Content/EditorMaterials/MatineeGroups/MAT_Groups_Vector.uasset" 111
"../../../Engine/Content/EditorMaterials/ParticleSystems/PSysThumbnail_NoImage.uasset" 112
"../../../Engine/Content/EditorMaterials/ParticleSystems/PSysThumbnail_OOD.uasset" 113
"../../../Engine/Content/EngineMaterials/Grid.uasset" 114
"../../../Engine/Content/EditorMaterials/Thumbnails/FloorPlaneMaterial.uasset" 115
"../../../Engine/Content/EditorMeshes/EditorCube.uasset" 116
"../../../Engine/Content/EditorMeshes/EditorCylinder.uasset" 117
"../../../Engine/Content/EditorMeshes/EditorPlane.uasset" 118
"../../../Engine/Content/EditorMaterials/Thumbnails/SkySphereMaterial.uasset" 119
"../../../Engine/Content/EditorMeshes/EditorSkySphere.uasset" 120
"../../../Engine/Content/EditorMeshes/EditorSphere.uasset" 121
"../../../Engine/Content/EditorResources/MatineeCam_D.uasset" 122
"../../../Engine/Content/EditorMaterials/MatineeCam_mat.uasset" 123
"../../../Engine/Content/EditorMeshes/MatineeCam_SM.uasset" 124
"../../../Engine/Content/EditorMeshes/PlanarReflectionPlane.uasset" 125
"../../../Engine/Content/EditorMaterials/Camera/CineMat.uasset" 126
"../../../Engine/Content/EditorMaterials/Camera/MI_CineMat_CameraBody.uasset" 127
"../../../Engine/Content/EngineDebugMaterials/M_SimpleOpaque.uasset" 128
"../../../Engine/Content/EditorMaterials/Camera/MI_CineMat_CamViewFinder.uasset" 129
"../../../Engine/Content/EditorMeshes/Camera/SM_CineCam.uasset" 130
"../../../Engine/Content/EditorMaterials/Camera/MI_CineMat_Rig.uasset" 131
"../../../Engine/Content/EditorMeshes/Camera/SM_CraneRig_Arm.uasset" 132
"../../../Engine/Content/EditorMeshes/Camera/SM_CraneRig_Base.uasset" 133
"../../../Engine/Content/EditorMeshes/Camera/SM_CraneRig_Body.uasset" 134
"../../../Engine/Content/EditorMeshes/Camera/SM_CraneRig_Mount.uasset" 135
"../../../Engine/Content/EditorMeshes/Camera/SM_RailRig_Mount.uasset" 136
"../../../Engine/Content/EditorMeshes/Camera/SM_RailRig_Track.uasset" 137
"../../../Engine/Content/EditorMeshes/ColorCalibrator/M_ChromeBall.uasset" 138
"../../../Engine/Content/EditorResources/Bad.uasset" 139
"../../../Engine/Content/EditorResources/BSPVertex.uasset" 140
"../../../Engine/Content/EditorResources/EmptyActor.uasset" 141
"../../../Engine/Content/EditorResources/MatInstActSprite.uasset" 142
"../../../Engine/Content/EditorResources/SceneManager.uasset" 143
"../../../Engine/Content/EditorResources/SmallFont.uasset" 144
"../../../Engine/Content/EditorResources/S_Actor.uasset" 145
"../../../Engine/Content/EditorResources/S_DecalActorIcon.uasset" 146
"../../../Engine/Content/EditorResources/S_Emitter.uasset" 147
"../../../Engine/Content/EditorResources/S_ExpoHeightFog.uasset" 148
"../../../Engine/Content/EditorResources/S_FTest.uasset" 149
"../../../Engine/Content/EditorResources/S_KBSJoint.uasset" 150
"../../../Engine/Content/EditorResources/S_KHinge.uasset" 151
"../../../Engine/Content/EditorResources/S_KPrismatic.uasset" 152
"../../../Engine/Content/EditorResources/S_LevelSequence.uasset" 153
"../../../Engine/Content/EditorResources/S_NavP.uasset" 154
"../../../Engine/Content/EditorResources/S_Note.uasset" 155
"../../../Engine/Content/EditorResources/S_Player.uasset" 156
"../../../Engine/Content/EditorResources/S_PortalActorIcon2.uasset" 157
"../../../Engine/Content/EditorResources/S_RadForce.uasset" 158
"../../../Engine/Content/EditorResources/S_ReflActorIcon.uasset" 159
"../../../Engine/Content/EditorResources/S_Terrain.uasset" 160
"../../../Engine/Content/EditorResources/S_TextRenderActorIcon.uasset" 161
"../../../Engine/Content/EditorResources/S_Thruster.uasset" 162
"../../../Engine/Content/EditorResources/S_Trigger.uasset" 163
"../../../Engine/Content/EditorResources/S_VectorFieldVol.uasset" 164
"../../../Engine/Content/EditorResources/S_WindDirectional.uasset" 165
"../../../Engine/Content/EditorResources/AI/S_NavLink.uasset" 166
"../../../Engine/Content/EditorResources/LightIcons/SkyLight.uasset" 167
"../../../Engine/Content/EditorResources/LightIcons/S_LightDirectional.uasset" 168
"../../../Engine/Content/EditorResources/LightIcons/S_LightDirectionalMove.uasset" 169
"../../../Engine/Content/EditorResources/LightIcons/S_LightError.uasset" 170
"../../../Engine/Content/EditorResources/LightIcons/S_LightPoint.uasset" 171
"../../../Engine/Content/EditorResources/LightIcons/S_LightPointMove.uasset" 172
"../../../Engine/Content/EditorResources/LightIcons/S_LightSpot.uasset" 173
"../../../Engine/Content/EditorResources/LightIcons/S_LightSpotMove.uasset" 174
"../../../Engine/Content/EditorResources/SequenceRecorder/Countdown.uasset" 175
"../../../Engine/Content/EditorResources/SequenceRecorder/RecordingIndicator.uasset" 176
"../../../Engine/Content/EditorResources/Spline/T_Loft_Spline.uasset" 177
"../../../Engine/Content/EditorSounds/Notifications/CompileFailed.uasset" 178
"../../../Engine/Content/EditorSounds/Notifications/CompileFailed_Cue.uasset" 179
"../../../Engine/Content/EditorSounds/Notifications/CompileSuccess.uasset" 180
"../../../Engine/Content/EditorSounds/Notifications/CompileStart_Cue.uasset" 181
"../../../Engine/Content/EditorSounds/Notifications/CompileSuccess_Cue.uasset" 182
"../../../Engine/Content/EngineDamageTypes/DmgTypeBP_Environmental.uasset" 183
"../../../Engine/Content/EngineDebugMaterials/HeatmapGradient.uasset" 184
"../../../Engine/Content/EngineDebugMaterials/BoneWeightMaterial.uasset" 185
"../../../Engine/Content/EngineDebugMaterials/ClothMaterial.uasset" 186
"../../../Engine/Content/EngineDebugMaterials/ClothMaterial_WF.uasset" 187
"../../../Engine/Content/EngineDebugMaterials/DebugEditorMaterial.uasset" 188
"../../../Engine/Content/EngineDebugMaterials/DebugMeshMaterial.uasset" 189
"../../../Engine/Content/EngineDebugMaterials/GeomMaterial.uasset" 190
"../../../Engine/Content/Functions/Engine_MaterialFunctions01/Shading/ConvertFromDiffSpec.uasset" 191
"../../../Engine/Content/EngineDebugMaterials/LevelColorationLitMaterial.uasset" 192
"../../../Engine/Content/EngineDebugMaterials/LevelColorationUnlitMaterial.uasset" 193
"../../../Engine/Content/EngineMaterials/DefaultWhiteGrid.uasset" 194
"../../../Engine/Content/EngineDebugMaterials/MAT_LevelColorationLitLightmapUV.uasset" 195
"../../../Engine/Content/EngineDebugMaterials/M_SimpleTranslucent.uasset" 196
"../../../Engine/Content/EngineDebugMaterials/ShadedLevelColorationLitMaterial.uasset" 197
"../../../Engine/Content/EngineDebugMaterials/ShadedLevelColorationUnlitMateri.uasset" 198
"../../../Engine/Content/EngineDebugMaterials/VertexColorMaterial.uasset" 199
"../../../Engine/Content/EngineDebugMaterials/VertexColorViewMode_AlphaAsColor.uasset" 200
"../../../Engine/Content/EngineDebugMaterials/VertexColorViewMode_BlueOnly.uasset" 201
"../../../Engine/Content/EngineDebugMaterials/VertexColorViewMode_ColorOnly.uasset" 202
"../../../Engine/Content/EngineDebugMaterials/VertexColorViewMode_GreenOnly.uasset" 203
"../../../Engine/Content/EngineDebugMaterials/VertexColorViewMode_RedOnly.uasset" 204
"../../../Engine/Content/EngineDebugMaterials/WireframeMaterial.uasset" 205
"../../../Engine/Content/EngineFonts/Faces/RobotoBold.uasset" 206
"../../../Engine/Content/EngineFonts/Faces/RobotoBoldItalic.uasset" 207
"../../../Engine/Content/EngineFonts/Faces/RobotoItalic.uasset" 208
"../../../Engine/Content/EngineFonts/Faces/RobotoLight.uasset" 209
"../../../Engine/Content/EngineFonts/Faces/RobotoRegular.uasset" 210
"../../../Engine/Content/EngineFonts/Roboto.uasset" 211
"../../../Engine/Content/EngineFonts/Faces/RobotoTiny.uasset" 212
"../../../Engine/Content/EngineFonts/RobotoTiny.uasset" 213
"../../../Engine/Content/EngineFonts/SmallFont.uasset" 214
"../../../Engine/Content/EngineFonts/TinyFont.uasset" 215
"../../../Engine/Content/EngineMaterials/BaseFlattenDiffuseMap.uasset" 216
"../../../Engine/Content/EngineMaterials/BaseFlattenEmissiveMap.uasset" 217
"../../../Engine/Content/EngineMaterials/BaseFlattenGrayscaleMap.uasset" 218
"../../../Engine/Content/EngineMaterials/BaseFlattenNormalMap.uasset" 219
"../../../Engine/Content/EngineMaterials/BaseFlattenMaterial.uasset" 220
"../../../Engine/Content/EngineResources/WhiteSquareTexture.uasset" 221
"../../../Engine/Content/EngineMaterials/BlinkingCaret.uasset" 222
"../../../Engine/Content/EngineMaterials/DefaultBloomKernel.uasset" 223
"../../../Engine/Content/EngineMaterials/DefaultBokeh.uasset" 224
"../../../Engine/Content/EngineMaterials/DefaultDiffuse.uasset" 225
"../../../Engine/Content/EngineMaterials/DefaultDeferredDecalMaterial.uasset" 226
"../../../Engine/Content/EngineMaterials/DefaultLightFunctionMaterial.uasset" 227
"../../../Engine/Content/EngineMaterials/DefaultNormal.uasset" 228
"../../../Engine/Content/EngineMaterials/DefaultPostProcessMaterial.uasset" 229
"../../../Engine/Content/EngineFonts/RobotoDistanceField.uasset" 230
"../../../Engine/Content/EngineMaterials/DefaultTextMaterialOpaque.uasset" 231
"../../../Engine/Content/EngineMaterials/EditorBrushMaterial.uasset" 232
"../../../Engine/Content/EngineMaterials/Good64x64TilingNoiseHighFreq.uasset" 233
"../../../Engine/Content/EngineMaterials/Grid_N.uasset" 234
"../../../Engine/Content/EngineMaterials/HighResolutionScreenshotMaskFunction.uasset" 235
"../../../Engine/Content/EngineMaterials/HighResScreenshot.uasset" 236
"../../../Engine/Content/EngineMaterials/HighResScreenshotCaptureRegion.uasset" 237
"../../../Engine/Content/EngineMaterials/HighResScreenshotMask.uasset" 238
"../../../Engine/Content/EngineMaterials/LandscapeHolePhysicalMaterial.uasset" 239
"../../../Engine/Content/EngineMaterials/InvalidLightmapSettings.uasset" 240
"../../../Engine/Content/EngineMaterials/M_InvalidLightmapSettings.uasset" 241
"../../../Engine/Content/EngineMaterials/PaperDiffuse.uasset" 242
"../../../Engine/Content/EngineMaterials/PaperNormal.uasset" 243
"../../../Engine/Content/Functions/Engine_MaterialFunctions02/WorldPositionOffset/CameraOffset.uasset" 244
"../../../Engine/Content/EngineMaterials/PhAT_JointLimitMaterial.uasset" 245
"../../../Engine/Content/EngineMaterials/PhysMat_Rubber.uasset" 246
"../../../Engine/Content/EngineMaterials/PreintegratedSkinBRDF.uasset" 247
"../../../Engine/Content/EngineMaterials/RemoveSurfaceMaterial.uasset" 248
"../../../Engine/Content/EngineMaterials/WeightMapPlaceholderTexture.uasset" 249
"../../../Engine/Content/EngineMaterials/Widget3DPassThrough.uasset" 250
"../../../Engine/Content/EngineMaterials/Widget3DPassThrough_Masked.uasset" 251
"../../../Engine/Content/EngineMaterials/Widget3DPassThrough_Opaque.uasset" 252
"../../../Engine/Content/EngineMaterials/Widget3DPassThrough_Masked_OneSided.uasset" 253
"../../../Engine/Content/EngineMaterials/Widget3DPassThrough_Opaque_OneSided.uasset" 254
"../../../Engine/Content/EngineMaterials/Widget3DPassThrough_Translucent.uasset" 255
"../../../Engine/Content/EngineMaterials/Widget3DPassThrough_Translucent_OneSided.uasset" 256
"../../../Engine/Content/EngineMeshes/Cylinder.uasset" 257
"../../../Engine/Content/EngineMeshes/Sphere.uasset" 258
"../../../Engine/Content/EngineResources/Black.uasset" 259
"../../../Engine/Content/EngineResources/DefaultTexture.uasset" 260
"../../../Engine/Content/EngineResources/DefaultTextureCube.uasset" 261
"../../../Engine/Content/EngineResources/DefaultVolumeTexture2D.uasset" 262
"../../../Engine/Content/EngineResources/DefaultVolumeTexture.uasset" 263
"../../../Engine/Content/EngineResources/GradientTexture0.uasset" 264
"../../../Engine/Content/EngineResources/StreamingPauseIcon.uasset" 265
"../../../Engine/Content/EngineResources/M_StreamingPause.uasset" 266
"../../../Engine/Content/EngineSky/C_Sky_Cloud_Color.uasset" 267
"../../../Engine/Content/EngineSky/C_Sky_Horizon_Color.uasset" 268
"../../../Engine/Content/EngineSky/C_Sky_Zenith_Color.uasset" 269
"../../../Engine/Content/EngineSky/T_Sky_Blue.uasset" 270
"../../../Engine/Content/EngineSky/T_Sky_Clouds_M.uasset" 271
"../../../Engine/Content/EngineSky/T_Sky_Stars.uasset" 272
"../../../Engine/Content/EngineSky/M_Sky_Panning_Clouds2.uasset" 273
"../../../Engine/Content/EngineSky/SM_SkySphere.uasset" 274
"../../../Engine/Content/EngineSky/BP_Sky_Sphere.uasset" 275
"../../../Engine/Content/EngineSounds/Master.uasset" 276
"../../../Engine/Content/Functions/Engine_MaterialFunctions01/Shading/PowerToRoughness.uasset" 277
"../../../Engine/Content/Maps/Templates/Thumbnails/Default.uasset" 278
"../../../Engine/Content/Maps/Templates/Thumbnails/VR-Basic.uasset" 279
"../../../Engine/Content/MapTemplates/SM_Template_Map_Floor.uasset" 280
"../../../Engine/Content/MapTemplates/Sky/DaylightAmbientCubemap.uasset" 281
"../../../Engine/Content/MobileResources/T_MobileControls_texture.uasset" 282
"../../../Engine/Content/MobileResources/T_MobileMenu2.uasset" 283
"../../../Engine/Content/MobileResources/HUD/AnalogHat.uasset" 284
"../../../Engine/Content/MobileResources/HUD/VirtualJoystick_Background.uasset" 285
"../../../Engine/Content/MobileResources/HUD/VirtualJoystick_Thumb.uasset" 286
"../../../Engine/Content/MobileResources/HUD/DefaultVirtualJoysticks.uasset" 287
"../../../Engine/Content/MobileResources/HUD/LeftVirtualJoystickOnly.uasset" 288
"../../../Engine/Content/MobileResources/HUD/MobileHUDButton1_off.uasset" 289
"../../../Engine/Content/MobileResources/HUD/MobileHUDButton1_on.uasset" 290
"../../../Engine/Content/MobileResources/HUD/MobileHUDButton2_off.uasset" 291
"../../../Engine/Content/MobileResources/HUD/MobileHUDButton2_on.uasset" 292
"../../../Engine/Content/MobileResources/HUD/MobileHUDButton3.uasset" 293
"../../../Engine/Content/MobileResources/HUD/MobileHUDButtonFire.uasset" 294
"../../../Engine/Content/MobileResources/HUD/MobileHUDDirectionPad.uasset" 295
"../../../Engine/Content/MobileResources/HUD/MobileHUDDirectionPad2.uasset" 296
"../../../Engine/Content/MobileResources/HUD/MobileHUDDirectionPad3.uasset" 297
"../../../Engine/Content/MobileResources/HUD/MobileHUDDirectionStick.uasset" 298
"../../../Engine/Content/MobileResources/HUD/T_Castle_ThumbstickInner.uasset" 299
"../../../Engine/Content/MobileResources/HUD/T_Castle_ThumbstickOutter.uasset" 300
"../../../Engine/Content/Tutorial/ContentIntroCurve.uasset" 301
"../../../Engine/Content/Tutorial/Basics/LevelEditorAttract.uasset" 302
"../../../Engine/Content/Tutorial/Basics/TutorialAssets/icon_tab_Levels_40x.uasset" 303
"../../../Engine/Content/Tutorial/Basics/LevelEditorOverview.uasset" 304
"../../../Engine/Content/Tutorial/BlueprintTutorials/TutorialAssets/Blueprint_64x.uasset" 305
"../../../Engine/Content/Tutorial/BlueprintTutorials/BlueprintEditorTutorial.uasset" 306
"../../../Engine/Content/Tutorial/BlueprintTutorials/TutorialAssets/Tutorial_BP_MacroLib.uasset" 307
"../../../Engine/Content/Tutorial/Foliage/TutorialAssets/Foliage.uasset" 308
"../../../Engine/Content/Tutorial/Foliage/Foliage_Intro_Tutorial.uasset" 309
"../../../Engine/Content/Tutorial/Foliage/Foliage_Settings_Tutorial.uasset" 310
"../../../Engine/Content/Tutorial/Foliage/Foliage_Using_The_Tool_Tutorial.uasset" 311
"../../../Engine/Content/Tutorial/Landscape/TutorialAssets/Landscape.uasset" 312
"../../../Engine/Content/Tutorial/Landscape/LandscapeWalkThrough.uasset" 313
"../../../Engine/Content/Tutorial/Landscape/Landscape_Manage_Mode.uasset" 314
"../../../Engine/Content/Tutorial/Landscape/Landscape_Painting_Mode.uasset" 315
"../../../Engine/Content/Tutorial/Landscape/Landscape_Sculpt_Mode.uasset" 316
"../../../Engine/Content/Tutorial/Mobile/TutorialAssets/android_Icon.uasset" 317
"../../../Engine/Content/Tutorial/Mobile/SettingUpAndroidTutorial.uasset" 318
"../../../Engine/Content/VREditor/LaserPointer/VR_LaserPower_01.uasset" 319
"../../../Engine/Content/VREditor/TransformGizmo/TransformGizmoMaterial.uasset" 320
"../../../Engine/Content/VREditor/TransformGizmo/TranslucentTransformGizmoMaterial.uasset" 321
"../../../Engine/Content/VREditor/TransformGizmo/BoundingBoxCorner.uasset" 322
"../../../Engine/Content/VREditor/TransformGizmo/BoundingBoxEdge.uasset" 323
"../../../Engine/Content/VREditor/TransformGizmo/PlaneTranslationHandle.uasset" 324
"../../../Engine/Content/VREditor/TransformGizmo/Main.uasset" 325
"../../../Engine/Content/VREditor/TransformGizmo/Xray.uasset" 326
"../../../Engine/Content/VREditor/TransformGizmo/SM_Sequencer_Key.uasset" 327
"../../../Engine/Content/VREditor/TransformGizmo/SM_Sequencer_Node.uasset" 328
"D:/Programming/Game Engine/Unreal/Saucewich/Content/Assets/Joystick.uasset" 329
"D:/Programming/Game Engine/Unreal/Saucewich/Content/Assets/Particles/CandleFire/T_CandleFire.uasset" 330
"D:/Programming/Game Engine/Unreal/Saucewich/Content/Assets/Particles/CandleFire/T_Shake.uasset" 331
"D:/Programming/Game Engine/Unreal/Saucewich/Content/Assets/Particles/CandleFire/M_CandleFire.uasset" 332
"D:/Programming/Game Engine/Unreal/Saucewich/Content/Assets/Particles/CandleFire/CandleFire_Particle.uasset" 333
"../../../Engine/Content/Functions/Engine_MaterialFunctions02/SmoothStep.uasset" 334
"D:/Programming/Game Engine/Unreal/Saucewich/Content/Assets/SharedMaterials/MPC_Light.uasset" 335
"D:/Programming/Game Engine/Unreal/Saucewich/Content/Assets/SharedMaterials/MF_Toon.uasset" 336
"D:/Programming/Game Engine/Unreal/Saucewich/Content/Assets/SharedMaterials/M_Master.uasset" 337
"D:/Programming/Game Engine/Unreal/Saucewich/Content/Assets/Props/Basket/T_Basket.uasset" 338
"D:/Programming/Game Engine/Unreal/Saucewich/Content/Assets/Props/Basket/MI_Basket.uasset" 339
"D:/Programming/Game Engine/Unreal/Saucewich/Content/Assets/Props/Basket/SM_Basket.uasset" 340
"D:/Programming/Game Engine/Unreal/Saucewich/Content/Assets/Props/Basket/SM_BasketHandle.uasset" 341
"D:/Programming/Game Engine/Unreal/Saucewich/Content/Assets/Props/Candle/MI_Candle.uasset" 342
"D:/Programming/Game Engine/Unreal/Saucewich/Content/Assets/Props/Candle/MI_CandlePed.uasset" 343
"D:/Programming/Game Engine/Unreal/Saucewich/Content/Assets/Props/Candle/SM_Candle.uasset" 344
"D:/Programming/Game Engine/Unreal/Saucewich/Content/Assets/Props/GiftBox/MI_GiftBox.uasset" 345
"D:/Programming/Game Engine/Unreal/Saucewich/Content/Assets/Props/GiftBox/MI_GiftBoxline.uasset" 346
"D:/Programming/Game Engine/Unreal/Saucewich/Content/Assets/Props/GiftBox/SM_GiftBox.uasset" 347
"D:/Programming/Game Engine/Unreal/Saucewich/Content/Assets/Props/GingerBread/T_GingerBread.uasset" 348
"D:/Programming/Game Engine/Unreal/Saucewich/Content/Assets/Props/GingerBread/MI_Gingerbread_Body.uasset" 349
"D:/Programming/Game Engine/Unreal/Saucewich/Content/Assets/Props/GingerBread/MI_Gingerbread_Button.uasset" 350
"D:/Programming/Game Engine/Unreal/Saucewich/Content/Assets/Props/GingerBread/MI_Gingerbread_Face.uasset" 351
"D:/Programming/Game Engine/Unreal/Saucewich/Content/Assets/Props/GingerBread/SM_Gingerbread.uasset" 352
"D:/Programming/Game Engine/Unreal/Saucewich/Content/Assets/Props/Pepper/T_Pepper.uasset" 353
"D:/Programming/Game Engine/Unreal/Saucewich/Content/Assets/Props/Pepper/MI_Pepper.uasset" 354
"D:/Programming/Game Engine/Unreal/Saucewich/Content/Assets/Props/Pepper/MI_PepperMetal.uasset" 355
"D:/Programming/Game Engine/Unreal/Saucewich/Content/Assets/Props/Pepper/SM_Pepper.uasset" 356
"D:/Programming/Game Engine/Unreal/Saucewich/Content/Assets/Props/PicnicTable/T_PicnicTableCloth.uasset" 357
"D:/Programming/Game Engine/Unreal/Saucewich/Content/Assets/Props/PicnicTable/MI_PicnicTable_Cloth.uasset" 358
"D:/Programming/Game Engine/Unreal/Saucewich/Content/Assets/Props/PicnicTable/T_PicnicTableWood.uasset" 359
"D:/Programming/Game Engine/Unreal/Saucewich/Content/Assets/Props/PicnicTable/MI_PicnicTable_Wood.uasset" 360
"D:/Programming/Game Engine/Unreal/Saucewich/Content/Assets/Props/PicnicTable/SM_PicnicTable.uasset" 361
"D:/Programming/Game Engine/Unreal/Saucewich/Content/Assets/Props/Salt/MI_Salt.uasset" 362
"D:/Programming/Game Engine/Unreal/Saucewich/Content/Assets/Props/Salt/MI_SaltCap.uasset" 363
"D:/Programming/Game Engine/Unreal/Saucewich/Content/Assets/Props/Salt/SM_Salt.uasset" 364
"D:/Programming/Game Engine/Unreal/Saucewich/Content/Assets/Props/WineGlass/MI_WineGlass.uasset" 365
"D:/Programming/Game Engine/Unreal/Saucewich/Content/Assets/Props/WineGlass/SM_WineGlass.uasset" 366
"D:/Programming/Game Engine/Unreal/Saucewich/Content/Assets/Soldier/MI_SoldierColorTransl.uasset" 367
"D:/Programming/Game Engine/Unreal/Saucewich/Content/Assets/Soldier/T_Soldier.uasset" 368
"D:/Programming/Game Engine/Unreal/Saucewich/Content/Assets/Soldier/MI_SoldierTransl.uasset" 369
"D:/Programming/Game Engine/Unreal/Saucewich/Content/Assets/Weapon/Materials/MI_WeaponTeamColorTransl.uasset" 370
"D:/Programming/Game Engine/Unreal/Saucewich/Content/Assets/Weapon/Materials/MI_WeaponWhite_Transl.uasset" 371
"D:/Programming/Game Engine/Unreal/Saucewich/Content/Assets/Weapon/Sound/Blunt.uasset" 372
"D:/Programming/Game Engine/Unreal/Saucewich/Content/Assets/Weapon/Sound/Crayon.uasset" 373
"D:/Programming/Game Engine/Unreal/Saucewich/Content/Assets/Weapon/Sound/Minigun.uasset" 374
"D:/Programming/Game Engine/Unreal/Saucewich/Content/Assets/Weapon/Sound/Plain.uasset" 375
"D:/Programming/Game Engine/Unreal/Saucewich/Content/Assets/Weapon/Sound/Revolver.uasset" 376
"D:/Programming/Game Engine/Unreal/Saucewich/Content/Assets/Weapon/Sound/Shotgun.uasset" 377
"D:/Programming/Game Engine/Unreal/Saucewich/Content/Assets/Weapon/Sound/Small.uasset" 378
"D:/Programming/Game Engine/Unreal/Saucewich/Content/Assets/Weapon/Sound/Threeway.uasset" 379
"D:/Programming/Game Engine/Unreal/Saucewich/Content/Assets/Soldier/Soldier_Skeleton.uasset" 380
"D:/Programming/Game Engine/Unreal/Saucewich/Content/Assets/Soldier/Anim/Soldier_Anim_Down45.uasset" 381
"D:/Programming/Game Engine/Unreal/Saucewich/Content/Assets/Soldier/Anim/Soldier_Anim_Ref.uasset" 382
"D:/Programming/Game Engine/Unreal/Saucewich/Content/Assets/Soldier/Anim/Soldier_Anim_Up60.uasset" 383
"D:/Programming/Game Engine/Unreal/Saucewich/Content/Assets/Soldier/Anim/Soldier_AimV.uasset" 384
"D:/Programming/Game Engine/Unreal/Saucewich/Content/Assets/Soldier/Anim/Soldier_Anim_Idle.uasset" 385
"D:/Programming/Game Engine/Unreal/Saucewich/Content/Assets/Soldier/Anim/Soldier_Anim_Walk.uasset" 386
"D:/Programming/Game Engine/Unreal/Saucewich/Content/Assets/Sound/SmallSoundAttenuation.uasset" 387
"D:/Programming/Game Engine/Unreal/Saucewich/Content/Assets/Sound/footstep1.uasset" 388
"D:/Programming/Game Engine/Unreal/Saucewich/Content/Assets/Sound/footstep2.uasset" 389
"D:/Programming/Game Engine/Unreal/Saucewich/Content/Assets/Sound/footstep3.uasset" 390
"D:/Programming/Game Engine/Unreal/Saucewich/Content/Assets/Sound/footstep4.uasset" 391
"D:/Programming/Game Engine/Unreal/Saucewich/Content/Blueprints/Player/AnimBP_TpsCharacter.uasset" 392
"../../../Engine/Content/EditorBlueprintResources/ActorMacros.uasset" 393
"D:/Programming/Game Engine/Unreal/Saucewich/Content/Assets/SharedMaterials/M_MobileShadow.uasset" 394
"D:/Programming/Game Engine/Unreal/Saucewich/Content/Assets/Sound/eat.uasset" 395
"D:/Programming/Game Engine/Unreal/Saucewich/Content/Blueprints/GameMode/MakeSandwich/Entity/Perk/BP_Perk.uasset" 396
"D:/Programming/Game Engine/Unreal/Saucewich/Content/Assets/Particles/BurfParticle/texture/T_Lens_01.uasset" 397
"D:/Programming/Game Engine/Unreal/Saucewich/Content/Assets/Particles/BurfParticle/Material/M_BurfParticle.uasset" 398
"D:/Programming/Game Engine/Unreal/Saucewich/Content/Assets/Particles/BurfParticle/texture/cheese.uasset" 399
"D:/Programming/Game Engine/Unreal/Saucewich/Content/Assets/Particles/BurfParticle/Material/MI_CheeseBurf.uasset" 400
"D:/Programming/Game Engine/Unreal/Saucewich/Content/Assets/Particles/BurfParticle/Particle/CheeseBuff.uasset" 401
"D:/Programming/Game Engine/Unreal/Saucewich/Content/Assets/Sandwich/Cheese/MI_Cheese.uasset" 402
"D:/Programming/Game Engine/Unreal/Saucewich/Content/Assets/Sandwich/Cheese/SM_Cheese.uasset" 403
"D:/Programming/Game Engine/Unreal/Saucewich/Content/Blueprints/GameMode/MakeSandwich/Entity/Perk/BP_Cheese.uasset" 404
"D:/Programming/Game Engine/Unreal/Saucewich/Content/Assets/Particles/BurfParticle/texture/olives.uasset" 405
"D:/Programming/Game Engine/Unreal/Saucewich/Content/Assets/Particles/BurfParticle/Material/MI_OliveBurf.uasset" 406
"D:/Programming/Game Engine/Unreal/Saucewich/Content/Assets/Particles/BurfParticle/Particle/OliveBuff.uasset" 407
"D:/Programming/Game Engine/Unreal/Saucewich/Content/Assets/Sandwich/Olive/MI_Olive.uasset" 408
"D:/Programming/Game Engine/Unreal/Saucewich/Content/Assets/Sandwich/Olive/SM_Olive.uasset" 409
"D:/Programming/Game Engine/Unreal/Saucewich/Content/Blueprints/GameMode/MakeSandwich/Entity/Perk/BP_Olive.uasset" 410
"D:/Programming/Game Engine/Unreal/Saucewich/Content/Assets/SharedMaterials/M_None.uasset" 411
"D:/Programming/Game Engine/Unreal/Saucewich/Content/Assets/SharedMaterials/TranslMatData.uasset" 412
"D:/Programming/Game Engine/Unreal/Saucewich/Content/Blueprints/Player/CharacterData.uasset" 413
"D:/Programming/Game Engine/Unreal/Saucewich/Content/Assets/Decal/N_Decal.uasset" 414
"D:/Programming/Game Engine/Unreal/Saucewich/Content/Assets/Decal/T_decal.uasset" 415
"D:/Programming/Game Engine/Unreal/Saucewich/Content/Assets/Decal/M_Decal.uasset" 416
"D:/Programming/Game Engine/Unreal/Saucewich/Content/Assets/Decal/MI_SauceDecal.uasset" 417
"D:/Programming/Game Engine/Unreal/Saucewich/Content/Blueprints/GameMode/MakeSandwich/Entity/BP_Ingredient.uasset" 418
"D:/Programming/Game Engine/Unreal/Saucewich/Content/Assets/Sandwich/Bread/MI_Bread.uasset" 419
"D:/Programming/Game Engine/Unreal/Saucewich/Content/Assets/Sandwich/Bread/MI_BreadBorder.uasset" 420
"D:/Programming/Game Engine/Unreal/Saucewich/Content/Assets/Sandwich/Bread/SM_Bread.uasset" 421
"D:/Programming/Game Engine/Unreal/Saucewich/Content/Assets/UI/Textures/MakeSandwich/T_Bread.uasset" 422
"D:/Programming/Game Engine/Unreal/Saucewich/Content/Blueprints/GameMode/MakeSandwich/Entity/BP_Bread.uasset" 423
"D:/Programming/Game Engine/Unreal/Saucewich/Content/Assets/Sandwich/Ham/MI_Ham.uasset" 424
"D:/Programming/Game Engine/Unreal/Saucewich/Content/Assets/Sandwich/Ham/SM_Ham.uasset" 425
"D:/Programming/Game Engine/Unreal/Saucewich/Content/Assets/UI/Textures/MakeSandwich/T_Ham.uasset" 426
"D:/Programming/Game Engine/Unreal/Saucewich/Content/Blueprints/GameMode/MakeSandwich/Entity/BP_Ham.uasset" 427
"D:/Programming/Game Engine/Unreal/Saucewich/Content/Assets/Sandwich/Lettuce/MI_Lettuce.uasset" 428
"D:/Programming/Game Engine/Unreal/Saucewich/Content/Assets/Sandwich/Lettuce/SM_Lettuce.uasset" 429
"D:/Programming/Game Engine/Unreal/Saucewich/Content/Assets/UI/Textures/MakeSandwich/T_Lettuce.uasset" 430
"D:/Programming/Game Engine/Unreal/Saucewich/Content/Blueprints/GameMode/MakeSandwich/Entity/BP_Lettuce.uasset" 431
"D:/Programming/Game Engine/Unreal/Saucewich/Content/Blueprints/Widget/HUD/UMG_UpBread.uasset" 432
"D:/Programming/Game Engine/Unreal/Saucewich/Content/Blueprints/Widget/HUD/UMG_UpHam.uasset" 433
"D:/Programming/Game Engine/Unreal/Saucewich/Content/Blueprints/Widget/HUD/UMG_UpLettuce.uasset" 434
"D:/Programming/Game Engine/Unreal/Saucewich/Content/Blueprints/Widget/HUD/UMG_HUDIngredient.uasset" 435
"D:/Programming/Game Engine/Unreal/Saucewich/Content/Blueprints/Widget/HUD/UMG_MakeSandwichHUDComponent.uasset" 436
"D:/Programming/Game Engine/Unreal/Saucewich/Content/Assets/Particles/Granade/Material/M_Smoke.uasset" 437
"D:/Programming/Game Engine/Unreal/Saucewich/Content/Assets/Particles/Granade/Material/M_Smoke_Inst.uasset" 438
"D:/Programming/Game Engine/Unreal/Saucewich/Content/Assets/Particles/Granade/die.uasset" 439
"D:/Programming/Game Engine/Unreal/Saucewich/Content/Assets/Particles/Granade/Mesh/SM_Smoke.uasset" 440
"D:/Programming/Game Engine/Unreal/Saucewich/Content/Assets/Particles/CharDeathParticle/CharacterDeath_Particle.uasset" 441
"D:/Programming/Game Engine/Unreal/Saucewich/Content/Assets/Soldier/MI_Soldier.uasset" 442
"D:/Programming/Game Engine/Unreal/Saucewich/Content/Assets/Soldier/MI_SoldierColor.uasset" 443
"D:/Programming/Game Engine/Unreal/Saucewich/Content/Assets/Soldier/Soldier_PhysicsAsset.uasset" 444
"D:/Programming/Game Engine/Unreal/Saucewich/Content/Assets/Soldier/Soldier.uasset" 445
"D:/Programming/Game Engine/Unreal/Saucewich/Content/Assets/Sound/CharKill/charkill1.uasset" 446
"D:/Programming/Game Engine/Unreal/Saucewich/Content/Assets/Sound/CharKill/charkill2.uasset" 447
"D:/Programming/Game Engine/Unreal/Saucewich/Content/Assets/Sound/CharKill/charkill3.uasset" 448
"D:/Programming/Game Engine/Unreal/Saucewich/Content/Assets/Font/COMIC.uasset" 449
"D:/Programming/Game Engine/Unreal/Saucewich/Content/Assets/Font/COMICBD.uasset" 450
"D:/Programming/Game Engine/Unreal/Saucewich/Content/Assets/Font/COMICI.uasset" 451
"D:/Programming/Game Engine/Unreal/Saucewich/Content/Assets/Font/COMICZ.uasset" 452
"D:/Programming/Game Engine/Unreal/Saucewich/Content/Assets/Font/COMIC_Font.uasset" 453
"D:/Programming/Game Engine/Unreal/Saucewich/Content/Assets/UI/Textures/MakeSandwich/T_HPBarLeft.uasset" 454
"D:/Programming/Game Engine/Unreal/Saucewich/Content/Assets/UI/Materials/M_ProgressWidget.uasset" 455
"D:/Programming/Game Engine/Unreal/Saucewich/Content/Assets/UI/Textures/MakeSandwich/T_HP.uasset" 456
"D:/Programming/Game Engine/Unreal/Saucewich/Content/Assets/UI/Textures/MakeSandwich/T_HPBarMid.uasset" 457
"D:/Programming/Game Engine/Unreal/Saucewich/Content/Assets/UI/Textures/MakeSandwich/T_HpBarRight.uasset" 458
"D:/Programming/Game Engine/Unreal/Saucewich/Content/Blueprints/Widget/Base/Alive/UMG_HPBar.uasset" 459
"D:/Programming/Game Engine/Unreal/Saucewich/Content/Blueprints/Widget/HUD/UMG_UserHUD.uasset" 460
"D:/Programming/Game Engine/Unreal/Saucewich/Content/Blueprints/Player/BP_TpsCharacter.uasset" 461
"D:/Programming/Game Engine/Unreal/Saucewich/Content/Blueprints/Entity/BP_KillBox.uasset" 462
"D:/Programming/Game Engine/Unreal/Saucewich/Content/Blueprints/GameMode/BP_DSGM.uasset" 463
"D:/Programming/Game Engine/Unreal/Saucewich/Content/Assets/UI/Textures/Transition/T_MakeSandwichDescription.uasset" 464
"D:/Programming/Game Engine/Unreal/Saucewich/Content/Blueprints/Widget/Transition/UMG_Transition.uasset" 465
"D:/Programming/Game Engine/Unreal/Saucewich/Content/Blueprints/Transition/BP_TransitionHUD.uasset" 466
"D:/Programming/Game Engine/Unreal/Saucewich/Content/Blueprints/Transition/BP_TransitionGameMode.uasset" 467
"D:/Programming/Game Engine/Unreal/Saucewich/Content/Assets/Weapon/Icon/3way-rest.uasset" 468
"D:/Programming/Game Engine/Unreal/Saucewich/Content/Assets/Weapon/Icon/3way-team.uasset" 469
"D:/Programming/Game Engine/Unreal/Saucewich/Content/Assets/Weapon/Icon/balloon.uasset" 470
"D:/Programming/Game Engine/Unreal/Saucewich/Content/Assets/Weapon/Icon/blunt-rest.uasset" 471
"D:/Programming/Game Engine/Unreal/Saucewich/Content/Assets/Weapon/Icon/blunt-team.uasset" 472
"D:/Programming/Game Engine/Unreal/Saucewich/Content/Assets/Weapon/Icon/crayon-rest.uasset" 473
"D:/Programming/Game Engine/Unreal/Saucewich/Content/Assets/Weapon/Icon/crayon-team.uasset" 474
"D:/Programming/Game Engine/Unreal/Saucewich/Content/Assets/Weapon/Icon/mine-team.uasset" 475
"D:/Programming/Game Engine/Unreal/Saucewich/Content/Assets/Weapon/Icon/minigun-rest.uasset" 476
"D:/Programming/Game Engine/Unreal/Saucewich/Content/Assets/Weapon/Icon/minigun-team.uasset" 477
"D:/Programming/Game Engine/Unreal/Saucewich/Content/Assets/Weapon/Icon/revolver-rest.uasset" 478
"D:/Programming/Game Engine/Unreal/Saucewich/Content/Assets/Weapon/Icon/shotgun-rest.uasset" 479
"D:/Programming/Game Engine/Unreal/Saucewich/Content/Assets/Weapon/Icon/shotgun-team.uasset" 480
"D:/Programming/Game Engine/Unreal/Saucewich/Content/Assets/Weapon/Icon/small-rest.uasset" 481
"D:/Programming/Game Engine/Unreal/Saucewich/Content/Assets/Weapon/Icon/small-team.uasset" 482
"D:/Programming/Game Engine/Unreal/Saucewich/Content/Assets/Weapon/Materials/MI_WeaponMetal_Transl.uasset" 483
"D:/Programming/Game Engine/Unreal/Saucewich/Content/Maps/Christmas_BuiltData.uasset" 484
"D:/Programming/Game Engine/Unreal/Saucewich/Content/Maps/Picnic_BuiltData.uasset" 485
"../../Plugins/2D/Paper2D/Content/PlaceholderTextures/DummySpriteTexture.uasset" 486
"../../Plugins/2D/Paper2D/Content/DummySprite.uasset" 487
"../../Plugins/2D/Paper2D/Content/DefaultPaperTerrainMaterial.uasset" 488
"../../Plugins/2D/Paper2D/Content/DefaultSpriteMaterial.uasset" 489
"../../Plugins/2D/Paper2D/Content/MaskedUnlitSpriteMaterial.uasset" 490
"../../Plugins/2D/Paper2D/Content/OpaqueUnlitSpriteMaterial.uasset" 491
"../../Plugins/Enterprise/DatasmithContent/Content/Blueprints/FBXImporter/ArrayOfActor.uasset" 492
"../../Plugins/Enterprise/DatasmithContent/Content/Blueprints/FBXImporter/ArrayOfSwitch.uasset" 493
"../../Plugins/Enterprise/DatasmithContent/Content/Blueprints/FBXImporter/BP_SceneNode.uasset" 494
"../../Plugins/Enterprise/DatasmithContent/Content/Blueprints/FBXImporter/BP_Switch.uasset" 495
"../../Plugins/Enterprise/DatasmithContent/Content/Blueprints/FBXImporter/BP_SceneRoot.uasset" 496
"../../Plugins/Enterprise/DatasmithContent/Content/Blueprints/FBXImporter/FBXImporterUtils.uasset" 497
"../../Plugins/Enterprise/DatasmithContent/Content/Blueprints/FBXImporter/Animation/DeltaGenAnimationTrackType.uasset" 498
"../../Plugins/Enterprise/DatasmithContent/Content/Blueprints/FBXImporter/Animation/VREDAnimationTrackComponent.uasset" 499
"../../Plugins/Enterprise/DatasmithContent/Content/Blueprints/FBXImporter/Animation/VREDAnimationTrackType.uasset" 500
"../../Plugins/Enterprise/DatasmithContent/Content/Blueprints/FBXImporter/Animation/VREDAnimCurveComponent.uasset" 501
"../../Plugins/Enterprise/DatasmithContent/Content/Blueprints/FBXImporter/Animation/VREDAnimCurveType.uasset" 502
"../../Plugins/Enterprise/DatasmithContent/Content/Blueprints/FBXImporter/Variants/VariantSwitchType.uasset" 503
"../../Plugins/Enterprise/DatasmithContent/Content/Blueprints/FBXImporter/Variants/VREDVariantSwitchType.uasset" 504
"../../Plugins/Enterprise/DatasmithContent/Content/Blueprints/FBXImporter/Variants/VREDVariantType.uasset" 505
"../../Plugins/Runtime/Oculus/OculusVR/Content/OculusMR_RenderTarget.uasset" 506
"../../../Engine/Content/Functions/Engine_MaterialFunctions02/Utility/BreakOutFloat4Components.uasset" 507
"../../Plugins/Runtime/Oculus/OculusVR/Content/Materials/OculusMR_ChromaKey.uasset" 508
"../../Plugins/Runtime/Oculus/OculusVR/Content/Materials/OculusMR_ChromaKey_Lit.uasset" 509
"../../Plugins/Runtime/Oculus/OculusVR/Content/Materials/OculusMR_OpaqueColoredMaterial.uasset" 510
"../../Plugins/Runtime/Oculus/OculusVR/Content/Materials/OculusMR_WhiteMaterial.uasset" 511
"../../Plugins/Runtime/Oculus/OculusVR/Content/Materials/PokeAHoleMaterial.uasset" 512
"../../Plugins/Runtime/Oculus/OculusVR/Content/Textures/GearVRController_AO.uasset" 513
"../../Plugins/Runtime/Oculus/OculusVR/Content/Textures/GearVRController_Color.uasset" 514
"../../Plugins/Runtime/Oculus/OculusVR/Content/Textures/GearVRController_Normal.uasset" 515
"../../Plugins/Runtime/Oculus/OculusVR/Content/Materials/GearVRControllerMaterial.uasset" 516
"../../Plugins/Runtime/Oculus/OculusVR/Content/Meshes/GearVrController.uasset" 517
"../../Plugins/Runtime/Oculus/OculusVR/Content/Textures/touchController_albedo.uasset" 518
"../../Plugins/Runtime/Oculus/OculusVR/Content/Textures/touchController_controlmap.uasset" 519
"../../Plugins/Runtime/Oculus/OculusVR/Content/Materials/touchController_mat.uasset" 520
"../../Plugins/Runtime/Oculus/OculusVR/Content/Meshes/LeftTouchController.uasset" 521
"../../Plugins/Runtime/Oculus/OculusVR/Content/Meshes/RiftHMD.uasset" 522
"../../Plugins/Runtime/Oculus/OculusVR/Content/Meshes/RightTouchController.uasset" 523
"D:/Programming/Game Engine/Unreal/Saucewich/Content/Assets/Props/CannedTuna/T_CannedTuna.uasset" 524
"D:/Programming/Game Engine/Unreal/Saucewich/Content/Assets/Props/CannedTuna/MI_CannedTuna.uasset" 525
"D:/Programming/Game Engine/Unreal/Saucewich/Content/Assets/Props/CannedTuna/SM_CannedTuna.uasset" 526
"D:/Programming/Game Engine/Unreal/Saucewich/Content/Assets/Sound/SauceImpactSoundAttenuation.uasset" 527
"D:/Programming/Game Engine/Unreal/Saucewich/Content/Assets/Sound/Jump.uasset" 528
"D:/Programming/Game Engine/Unreal/Saucewich/Content/Blueprints/Entity/BP_JumpingStand.uasset" 529
"D:/Programming/Game Engine/Unreal/Saucewich/Content/Blueprints/Widget/HUD/UMG_SpawnHUD.uasset" 530
"D:/Programming/Game Engine/Unreal/Saucewich/Content/Blueprints/Entity/BP_PickupSpawner.uasset" 531
"D:/Programming/Game Engine/Unreal/Saucewich/Content/Assets/Sandwich/Fridge/MI_Fridge.uasset" 532
"D:/Programming/Game Engine/Unreal/Saucewich/Content/Assets/Sandwich/Fridge/MI_FridgeHandle.uasset" 533
"D:/Programming/Game Engine/Unreal/Saucewich/Content/Assets/Sandwich/Fridge/SM_Fridge.uasset" 534
"D:/Programming/Game Engine/Unreal/Saucewich/Content/Assets/UI/Textures/MakeSandwich/T_Fridge.uasset" 535
"D:/Programming/Game Engine/Unreal/Saucewich/Content/Blueprints/Widget/HUD/UMG_FridgeHUD.uasset" 536
"D:/Programming/Game Engine/Unreal/Saucewich/Content/Blueprints/GameMode/MakeSandwich/Entity/BP_Fridge.uasset" 537
"D:/Programming/Game Engine/Unreal/Saucewich/Content/Blueprints/GameMode/MakeSandwich/Entity/Perk/BP_PerkSpawnVolume.uasset" 538
"D:/Programming/Game Engine/Unreal/Saucewich/Content/Maps/Fridge_BuiltData.uasset" 539
"D:/Programming/Game Engine/Unreal/Saucewich/Content/Assets/PostProcess/MF_GetPixelDepth.uasset" 540
"D:/Programming/Game Engine/Unreal/Saucewich/Content/Assets/PostProcess/M_CharOutline.uasset" 541
"D:/Programming/Game Engine/Unreal/Saucewich/Content/Assets/PostProcess/MI_CharOutline.uasset" 542
"D:/Programming/Game Engine/Unreal/Saucewich/Content/Assets/Particles/3rdMapParticle/T_Smoke1.uasset" 543
"D:/Programming/Game Engine/Unreal/Saucewich/Content/Assets/Particles/3rdMapParticle/T_Smoke2.uasset" 544
"D:/Programming/Game Engine/Unreal/Saucewich/Content/Assets/Particles/3rdMapParticle/M_Smoke.uasset" 545
"D:/Programming/Game Engine/Unreal/Saucewich/Content/Assets/Particles/3rdMapParticle/Smoke.uasset" 546
"D:/Programming/Game Engine/Unreal/Saucewich/Content/Assets/Props/Donut/MI_Donut.uasset" 547
"D:/Programming/Game Engine/Unreal/Saucewich/Content/Assets/Props/Donut/MI_DonutBread.uasset" 548
"D:/Programming/Game Engine/Unreal/Saucewich/Content/Assets/Props/Donut/donut.uasset" 549
"D:/Programming/Game Engine/Unreal/Saucewich/Content/Assets/Props/Egg/MI_Egg.uasset" 550
"D:/Programming/Game Engine/Unreal/Saucewich/Content/Assets/Props/Egg/Egg.uasset" 551
"D:/Programming/Game Engine/Unreal/Saucewich/Content/Assets/Props/Fork/MI_Fork.uasset" 552
"D:/Programming/Game Engine/Unreal/Saucewich/Content/Assets/Props/Fork/SM_Fork.uasset" 553
"D:/Programming/Game Engine/Unreal/Saucewich/Content/Assets/Props/FridgeMap/M_MapBase.uasset" 554
"D:/Programming/Game Engine/Unreal/Saucewich/Content/Assets/Props/FridgeMap/MI_Fridge.uasset" 555
"D:/Programming/Game Engine/Unreal/Saucewich/Content/Assets/Props/FridgeMap/M_FridgeLight.uasset" 556
"D:/Programming/Game Engine/Unreal/Saucewich/Content/Assets/Props/FridgeMap/MI_FridgeLight.uasset" 557
"D:/Programming/Game Engine/Unreal/Saucewich/Content/Assets/Props/FridgeMap/FridgeMap_Object001.uasset" 558
"D:/Programming/Game Engine/Unreal/Saucewich/Content/Assets/Props/Plate/MI_Plate.uasset" 559
"D:/Programming/Game Engine/Unreal/Saucewich/Content/Assets/Props/Plate/SM_Plate.uasset" 560
"D:/Programming/Game Engine/Unreal/Saucewich/Content/Assets/Props/Soda/T_Soda.uasset" 561
"D:/Programming/Game Engine/Unreal/Saucewich/Content/Assets/Props/Soda/MI_Soda.uasset" 562
"D:/Programming/Game Engine/Unreal/Saucewich/Content/Assets/Props/Soda/SM_Soda.uasset" 563
"D:/Programming/Game Engine/Unreal/Saucewich/Content/Assets/Props/WineBottle/MI_Wine.uasset" 564
"D:/Programming/Game Engine/Unreal/Saucewich/Content/Assets/Props/WineBottle/T_WineLabel.uasset" 565
"D:/Programming/Game Engine/Unreal/Saucewich/Content/Assets/Props/WineBottle/MI_WineLabel.uasset" 566
"D:/Programming/Game Engine/Unreal/Saucewich/Content/Assets/Props/WineBottle/MI_WineTop.uasset" 567
"D:/Programming/Game Engine/Unreal/Saucewich/Content/Assets/Props/WineBottle/SM_WineBottle.uasset" 568
"D:/Programming/Game Engine/Unreal/Saucewich/Content/Maps/Fridge.umap" 569
"D:/Programming/Game Engine/Unreal/Saucewich/Content/Assets/Font/NANUMBARUNGOTHIC.uasset" 570
"D:/Programming/Game Engine/Unreal/Saucewich/Content/Assets/Font/NANUMBARUNGOTHICBOLD.uasset" 571
"D:/Programming/Game Engine/Unreal/Saucewich/Content/Assets/Font/NANUMBARUNGOTHICLIGHT.uasset" 572
"D:/Programming/Game Engine/Unreal/Saucewich/Content/Assets/Font/NANUMBARUNGOTHICULTRALIGHT.uasset" 573
"D:/Programming/Game Engine/Unreal/Saucewich/Content/Assets/Font/NANUMBARUNGOTHIC_Font.uasset" 574
"D:/Programming/Game Engine/Unreal/Saucewich/Content/Assets/UI/Textures/Lobby/T_SquareMiddle.uasset" 575
"D:/Programming/Game Engine/Unreal/Saucewich/Content/Blueprints/Widget/Base/UMG_Error.uasset" 576
"D:/Programming/Game Engine/Unreal/Saucewich/Content/Blueprints/Widget/Lobby/Menu/Base/UMG_MenuWidget.uasset" 577
"D:/Programming/Game Engine/Unreal/Saucewich/Content/Blueprints/BP_JsonLibrary.uasset" 578
"D:/Programming/Game Engine/Unreal/Saucewich/Content/Blueprints/Weapon/Projectile/ExplosionForceFeedbackEffect.uasset" 579
"D:/Programming/Game Engine/Unreal/Saucewich/Content/Assets/Particles/Granade/Mesh/Fragment1.uasset" 580
"D:/Programming/Game Engine/Unreal/Saucewich/Content/Assets/Particles/Granade/Mesh/Fragment2.uasset" 581
"D:/Programming/Game Engine/Unreal/Saucewich/Content/Assets/Particles/Granade/Granade_Particle.uasset" 582
"D:/Programming/Game Engine/Unreal/Saucewich/Content/Assets/Weapon/Materials/MI_WeaponMetal.uasset" 583
"D:/Programming/Game Engine/Unreal/Saucewich/Content/Assets/Weapon/Materials/MI_WeaponTeamColor.uasset" 584
"D:/Programming/Game Engine/Unreal/Saucewich/Content/Assets/Weapon/Materials/MI_WeaponWhite.uasset" 585
"D:/Programming/Game Engine/Unreal/Saucewich/Content/Assets/Weapon/Meshes/SM_Jar.uasset" 586
"D:/Programming/Game Engine/Unreal/Saucewich/Content/Assets/Weapon/Sound/Jar.uasset" 587
"D:/Programming/Game Engine/Unreal/Saucewich/Content/Blueprints/Weapon/Projectile/BP_JarProjectile.uasset" 588
"D:/Programming/Game Engine/Unreal/Saucewich/Content/Assets/Weapon/Meshes/SM_Trap.uasset" 589
"D:/Programming/Game Engine/Unreal/Saucewich/Content/Assets/Weapon/Sound/Mine.uasset" 590
"D:/Programming/Game Engine/Unreal/Saucewich/Content/Blueprints/Weapon/Projectile/BP_MineProj.uasset" 591
"D:/Programming/Game Engine/Unreal/Saucewich/Content/Assets/Weapon/Meshes/SM_Balloon.uasset" 592
"D:/Programming/Game Engine/Unreal/Saucewich/Content/Assets/Weapon/Sound/Waterballoon.uasset" 593
"D:/Programming/Game Engine/Unreal/Saucewich/Content/Blueprints/Weapon/Projectile/BP_WaterBalloonProj.uasset" 594
"D:/Programming/Game Engine/Unreal/Saucewich/Content/Blueprints/Weapon/Gadget/GadgetData.uasset" 595
"D:/Programming/Game Engine/Unreal/Saucewich/Content/Blueprints/Weapon/WeaponSharedData.uasset" 596
"D:/Programming/Game Engine/Unreal/Saucewich/Content/Blueprints/Weapon/Gadget/BP_Jar.uasset" 597
"D:/Programming/Game Engine/Unreal/Saucewich/Content/Assets/Sound/sauce_impact1.uasset" 598
"D:/Programming/Game Engine/Unreal/Saucewich/Content/Assets/Sound/sauce_impact2.uasset" 599
"D:/Programming/Game Engine/Unreal/Saucewich/Content/Assets/Weapon/Materials/MI_Sauce.uasset" 600
"D:/Programming/Game Engine/Unreal/Saucewich/Content/Assets/Weapon/Meshes/SM_Sauce.uasset" 601
"D:/Programming/Game Engine/Unreal/Saucewich/Content/Blueprints/Weapon/Projectile/BP_GunProjectile.uasset" 602
"D:/Programming/Game Engine/Unreal/Saucewich/Content/Blueprints/Weapon/Primary/GunData.uasset" 603
"D:/Programming/Game Engine/Unreal/Saucewich/Content/Blueprints/Weapon/Primary/GunSharedData.uasset" 604
"D:/Programming/Game Engine/Unreal/Saucewich/Content/Assets/Particles/SauceGunParticle/ink.uasset" 605
"D:/Programming/Game Engine/Unreal/Saucewich/Content/Assets/Particles/SauceGunParticle/M_SauceShotParticle.uasset" 606
"D:/Programming/Game Engine/Unreal/Saucewich/Content/Assets/Particles/SauceGunParticle/M_SauceGun.uasset" 607
"D:/Programming/Game Engine/Unreal/Saucewich/Content/Assets/Particles/SauceGunParticle/SauceGunParticle.uasset" 608
"D:/Programming/Game Engine/Unreal/Saucewich/Content/Blueprints/Weapon/Primary/BP_BaseGun.uasset" 609
"D:/Programming/Game Engine/Unreal/Saucewich/Content/Assets/Weapon/Meshes/SM_Plain.uasset" 610
"D:/Programming/Game Engine/Unreal/Saucewich/Content/Blueprints/Weapon/Primary/BP_Plain.uasset" 611
"D:/Programming/Game Engine/Unreal/Saucewich/Content/Assets/Sound/ingredient-pickup1.uasset" 612
"D:/Programming/Game Engine/Unreal/Saucewich/Content/Assets/Sound/ingredient-pickup2.uasset" 613
"D:/Programming/Game Engine/Unreal/Saucewich/Content/Assets/Sound/put-ingredients.uasset" 614
"D:/Programming/Game Engine/Unreal/Saucewich/Content/Blueprints/GameMode/MakeSandwich/BP_MakeSandwich_PlayerState.uasset" 615
"D:/Programming/Game Engine/Unreal/Saucewich/Content/Blueprints/Weapon/Gadget/BP_Mine.uasset" 616
"D:/Programming/Game Engine/Unreal/Saucewich/Content/Blueprints/Weapon/Gadget/BP_WaterBalloon.uasset" 617
"D:/Programming/Game Engine/Unreal/Saucewich/Content/Assets/Weapon/Meshes/SM_Blunt.uasset" 618
"D:/Programming/Game Engine/Unreal/Saucewich/Content/Blueprints/Weapon/Primary/BP_Blunt.uasset" 619
"D:/Programming/Game Engine/Unreal/Saucewich/Content/Assets/Weapon/Meshes/SM_Crayon.uasset" 620
"D:/Programming/Game Engine/Unreal/Saucewich/Content/Blueprints/Weapon/Primary/BP_Crayon.uasset" 621
"D:/Programming/Game Engine/Unreal/Saucewich/Content/Assets/Weapon/Meshes/SM_Minigun.uasset" 622
"D:/Programming/Game Engine/Unreal/Saucewich/Content/Blueprints/Weapon/Primary/BP_Minigun.uasset" 623
"D:/Programming/Game Engine/Unreal/Saucewich/Content/Assets/Weapon/Meshes/SM_Revolver.uasset" 624
"D:/Programming/Game Engine/Unreal/Saucewich/Content/Blueprints/Weapon/Primary/BP_Revolver.uasset" 625
"D:/Programming/Game Engine/Unreal/Saucewich/Content/Assets/Weapon/Meshes/SM_ShotGun.uasset" 626
"D:/Programming/Game Engine/Unreal/Saucewich/Content/Blueprints/Weapon/Primary/BP_ShotGun.uasset" 627
"D:/Programming/Game Engine/Unreal/Saucewich/Content/Assets/Weapon/Meshes/SM_Small.uasset" 628
"D:/Programming/Game Engine/Unreal/Saucewich/Content/Blueprints/Weapon/Primary/BP_Small.uasset" 629
"D:/Programming/Game Engine/Unreal/Saucewich/Content/Assets/Weapon/Meshes/SM_ThreeWay.uasset" 630
"D:/Programming/Game Engine/Unreal/Saucewich/Content/Blueprints/Weapon/Primary/BP_ThreeWay.uasset" 631
"D:/Programming/Game Engine/Unreal/Saucewich/Content/Blueprints/GameMode/MakeSandwich/BP_MakeSandwichState.uasset" 632
"D:/Programming/Game Engine/Unreal/Saucewich/Content/Assets/Props/GiftBox/SM_GiftBoxSmall.uasset" 633
"D:/Programming/Game Engine/Unreal/Saucewich/Content/Blueprints/GameMode/MakeSandwich/Entity/BP_RandomIngredientBox.uasset" 634
"D:/Programming/Game Engine/Unreal/Saucewich/Content/Blueprints/Widget/Base/UMG_Description.uasset" 635
"D:/Programming/Game Engine/Unreal/Saucewich/Content/Blueprints/Widget/Base/Alive/UMG_CombatText.uasset" 636
"D:/Programming/Game Engine/Unreal/Saucewich/Content/Blueprints/Widget/Base/Alive/BP_CombatTextPool.uasset" 637
"D:/Programming/Game Engine/Unreal/Saucewich/Content/Assets/UI/Textures/MakeSandwich/T_Option.uasset" 638
"D:/Programming/Game Engine/Unreal/Saucewich/Content/Assets/UI/Textures/MakeSandwich/T_Out.uasset" 639
"D:/Programming/Game Engine/Unreal/Saucewich/Content/Assets/UI/Textures/MakeSandwich/T_UsersInfo.uasset" 640
"D:/Programming/Game Engine/Unreal/Saucewich/Content/Assets/UI/Textures/Lobby/T_ButtonShort.uasset" 641
"D:/Programming/Game Engine/Unreal/Saucewich/Content/Blueprints/Widget/Base/UMG_ExitGame.uasset" 642
"D:/Programming/Game Engine/Unreal/Saucewich/Content/Assets/UI/Textures/T_ScrollBar.uasset" 643
"D:/Programming/Game Engine/Unreal/Saucewich/Content/Assets/UI/Textures/T_UsersInfo.uasset" 644
"D:/Programming/Game Engine/Unreal/Saucewich/Content/Blueprints/Widget/Base/UMG_UserInfo.uasset" 645
"D:/Programming/Game Engine/Unreal/Saucewich/Content/Blueprints/Widget/Base/UMG_UsersInfo.uasset" 646
"D:/Programming/Game Engine/Unreal/Saucewich/Content/Assets/UI/Textures/Lobby/T_ButtonMid.uasset" 647
"D:/Programming/Game Engine/Unreal/Saucewich/Content/Assets/UI/Textures/Lobby/T_Disabled.uasset" 648
"D:/Programming/Game Engine/Unreal/Saucewich/Content/Assets/UI/Textures/Lobby/T_SquareSmall.uasset" 649
"D:/Programming/Game Engine/Unreal/Saucewich/Content/Assets/UI/Textures/Lobby/T_LobbyCrosshair.uasset" 650
"D:/Programming/Game Engine/Unreal/Saucewich/Content/Assets/UI/Textures/Lobby/T_Slider.uasset" 651
"D:/Programming/Game Engine/Unreal/Saucewich/Content/Assets/UI/Textures/Lobby/T_SliderBarLeft.uasset" 652
"D:/Programming/Game Engine/Unreal/Saucewich/Content/Assets/UI/Textures/Lobby/T_SliderBarMid.uasset" 653
"D:/Programming/Game Engine/Unreal/Saucewich/Content/Assets/UI/Textures/Lobby/T_SliderHandle.uasset" 654
"D:/Programming/Game Engine/Unreal/Saucewich/Content/Blueprints/Widget/Lobby/UMG_Sensitivity.uasset" 655
"D:/Programming/Game Engine/Unreal/Saucewich/Content/Blueprints/Widget/Lobby/Menu/UMG_Option.uasset" 656
"D:/Programming/Game Engine/Unreal/Saucewich/Content/Blueprints/Widget/Base/Alive/UMG_Setting.uasset" 657
"D:/Programming/Game Engine/Unreal/Saucewich/Content/Assets/UI/Textures/MakeSandwich/T_Hamburger.uasset" 658
"D:/Programming/Game Engine/Unreal/Saucewich/Content/Assets/UI/Textures/T_Crosshair.uasset" 659
"D:/Programming/Game Engine/Unreal/Saucewich/Content/Assets/UI/Textures/T_HitMarker.uasset" 660
"D:/Programming/Game Engine/Unreal/Saucewich/Content/Assets/UI/Textures/T_AimLine.uasset" 661
"D:/Programming/Game Engine/Unreal/Saucewich/Content/Assets/UI/Textures/T_OriginPoint.uasset" 662
"D:/Programming/Game Engine/Unreal/Saucewich/Content/Blueprints/Widget/Base/Alive/UMG_AutoAimPanel.uasset" 663
"D:/Programming/Game Engine/Unreal/Saucewich/Content/Blueprints/Widget/Base/Alive/UMG_Crosshair.uasset" 664
"D:/Programming/Game Engine/Unreal/Saucewich/Content/Assets/UI/Textures/T_None.uasset" 665
"D:/Programming/Game Engine/Unreal/Saucewich/Content/Assets/Weapon/Icon/jar-rest.uasset" 666
"D:/Programming/Game Engine/Unreal/Saucewich/Content/Assets/Weapon/Icon/jar-team.uasset" 667
"D:/Programming/Game Engine/Unreal/Saucewich/Content/Assets/UI/Materials/M_AddWidget.uasset" 668
"D:/Programming/Game Engine/Unreal/Saucewich/Content/Assets/UI/Textures/MakeSandwich/T_KillFeedBackground.uasset" 669
"D:/Programming/Game Engine/Unreal/Saucewich/Content/Blueprints/Widget/Base/Alive/UMG_KillFeed.uasset" 670
"D:/Programming/Game Engine/Unreal/Saucewich/Content/Blueprints/Widget/Base/Alive/UMG_KillFeedBox.uasset" 671
"D:/Programming/Game Engine/Unreal/Saucewich/Content/Assets/UI/Textures/MakeSandwich/T_AttackHighlight.uasset" 672
"D:/Programming/Game Engine/Unreal/Saucewich/Content/Assets/UI/Textures/MakeSandwich/T_AttackTeamColor.uasset" 673
"D:/Programming/Game Engine/Unreal/Saucewich/Content/Assets/UI/Textures/MakeSandwich/T_MainWeaponButton.uasset" 674
"D:/Programming/Game Engine/Unreal/Saucewich/Content/Blueprints/Widget/Base/Alive/UMG_MainAttackButton.uasset" 675
"D:/Programming/Game Engine/Unreal/Saucewich/Content/Assets/UI/Textures/T_Sauce.uasset" 676
"D:/Programming/Game Engine/Unreal/Saucewich/Content/Blueprints/Widget/Base/Alive/UMG_Sauce.uasset" 677
"D:/Programming/Game Engine/Unreal/Saucewich/Content/Blueprints/Widget/Base/Alive/UMG_ScoreFeed.uasset" 678
"D:/Programming/Game Engine/Unreal/Saucewich/Content/Blueprints/Widget/Base/Alive/UMG_ScoreFeedBox.uasset" 679
"D:/Programming/Game Engine/Unreal/Saucewich/Content/Assets/UI/Textures/MakeSandwich/T_SubWeaponButton.uasset" 680
"D:/Programming/Game Engine/Unreal/Saucewich/Content/Blueprints/Widget/Base/Alive/UMG_SubAttackButton.uasset" 681
"D:/Programming/Game Engine/Unreal/Saucewich/Content/Assets/UI/Textures/T_WeaponInfo.uasset" 682
"D:/Programming/Game Engine/Unreal/Saucewich/Content/Assets/UI/Textures/T_WeaponInfoBar.uasset" 683
"D:/Programming/Game Engine/Unreal/Saucewich/Content/Assets/UI/Materials/M_Clip.uasset" 684
"D:/Programming/Game Engine/Unreal/Saucewich/Content/Assets/UI/Textures/MakeSandwich/T_DotLine.uasset" 685
"D:/Programming/Game Engine/Unreal/Saucewich/Content/Assets/UI/Materials/M_DotLine.uasset" 686
"D:/Programming/Game Engine/Unreal/Saucewich/Content/Assets/UI/Materials/MI_DotLine.uasset" 687
"D:/Programming/Game Engine/Unreal/Saucewich/Content/Assets/Weapon/Icon/plain-team.uasset" 688
"D:/Programming/Game Engine/Unreal/Saucewich/Content/Blueprints/Widget/Base/Alive/UMG_WeaponInfo.uasset" 689
"D:/Programming/Game Engine/Unreal/Saucewich/Content/Blueprints/Widget/Base/Alive/UMG_AliveWidget.uasset" 690
"D:/Programming/Game Engine/Unreal/Saucewich/Content/Blueprints/Widget/Base/UMG_DeathWidget.uasset" 691
"D:/Programming/Game Engine/Unreal/Saucewich/Content/Blueprints/Widget/Base/UMG_ResultWidget.uasset" 692
"D:/Programming/Game Engine/Unreal/Saucewich/Content/Assets/UI/Textures/MakeSandwich/T_SandwichBase.uasset" 693
"D:/Programming/Game Engine/Unreal/Saucewich/Content/Assets/UI/Textures/MakeSandwich/T_SandwichTeam.uasset" 694
"D:/Programming/Game Engine/Unreal/Saucewich/Content/Assets/UI/Materials/M_MultiplyWidget.uasset" 695
"../../../Engine/Content/Functions/Engine_MaterialFunctions01/Density/ExponentialDensity.uasset" 696
"../../../Engine/Content/Functions/Engine_MaterialFunctions01/Gradient/RadialGradientExponential.uasset" 697
"../../../Engine/Content/Functions/Engine_MaterialFunctions02/Utility/VectorToRadialValue.uasset" 698
"D:/Programming/Game Engine/Unreal/Saucewich/Content/Assets/UI/Materials/M_RingProgressBar.uasset" 699
"D:/Programming/Game Engine/Unreal/Saucewich/Content/Blueprints/Widget/MakeSandwich/Ingredient/UMG_LeftBread.uasset" 700
"D:/Programming/Game Engine/Unreal/Saucewich/Content/Blueprints/Widget/MakeSandwich/Ingredient/UMG_LeftHam.uasset" 701
"D:/Programming/Game Engine/Unreal/Saucewich/Content/Blueprints/Widget/MakeSandwich/Ingredient/UMG_LeftLettuce.uasset" 702
"D:/Programming/Game Engine/Unreal/Saucewich/Content/Blueprints/Widget/MakeSandwich/UMG_RightDirIngredient.uasset" 703
"D:/Programming/Game Engine/Unreal/Saucewich/Content/Blueprints/Widget/MakeSandwich/UMG_EnemyTeamIngredient.uasset" 704
"D:/Programming/Game Engine/Unreal/Saucewich/Content/Blueprints/Widget/MakeSandwich/UMG_MyIngredient.uasset" 705
"D:/Programming/Game Engine/Unreal/Saucewich/Content/Blueprints/Widget/MakeSandwich/Ingredient/UMG_RightBread.uasset" 706
"D:/Programming/Game Engine/Unreal/Saucewich/Content/Blueprints/Widget/MakeSandwich/Ingredient/UMG_RightHam.uasset" 707
"D:/Programming/Game Engine/Unreal/Saucewich/Content/Blueprints/Widget/MakeSandwich/Ingredient/UMG_RightLettuce.uasset" 708
"D:/Programming/Game Engine/Unreal/Saucewich/Content/Blueprints/Widget/MakeSandwich/UMG_MyTeamIngredient.uasset" 709
"D:/Programming/Game Engine/Unreal/Saucewich/Content/Blueprints/Widget/MakeSandwich/UMG_MakeSandwichAliveComponent.uasset" 710
"D:/Programming/Game Engine/Unreal/Saucewich/Content/Assets/UI/Textures/MakeSandwich/T_MyWeaponSelect.uasset" 711
"D:/Programming/Game Engine/Unreal/Saucewich/Content/Blueprints/Widget/MakeSandwich/UMG_Weapon.uasset" 712
"D:/Programming/Game Engine/Unreal/Saucewich/Content/Blueprints/EWeaponSelectState.uasset" 713
"D:/Programming/Game Engine/Unreal/Saucewich/Content/Assets/Weapon/Icon/revolver-team.uasset" 714
"D:/Programming/Game Engine/Unreal/Saucewich/Content/Blueprints/Widget/MakeSandwich/UMG_TeamWeapon.uasset" 715
"D:/Programming/Game Engine/Unreal/Saucewich/Content/Blueprints/Widget/MakeSandwich/UMG_WeaponSelector.uasset" 716
"D:/Programming/Game Engine/Unreal/Saucewich/Content/Blueprints/Widget/MakeSandwich/UMG_MakeSandwichDeathComponent.uasset" 717
"D:/Programming/Game Engine/Unreal/Saucewich/Content/Assets/UI/Textures/MakeSandwich/T_Crown.uasset" 718
"D:/Programming/Game Engine/Unreal/Saucewich/Content/Assets/UI/Textures/MakeSandwich/T_Rain.uasset" 719
"D:/Programming/Game Engine/Unreal/Saucewich/Content/Blueprints/Widget/MakeSandwich/UMG_MakeSandwichResultComponent.uasset" 720
"D:/Programming/Game Engine/Unreal/Saucewich/Content/Blueprints/Player/BP_HUD.uasset" 721
"D:/Programming/Game Engine/Unreal/Saucewich/Content/Blueprints/Player/BP_PCM.uasset" 722
"D:/Programming/Game Engine/Unreal/Saucewich/Content/Blueprints/Player/BP_PC.uasset" 723
"D:/Programming/Game Engine/Unreal/Saucewich/Content/Blueprints/GameMode/MakeSandwich/BP_MakeSandwich.uasset" 724
"D:/Programming/Game Engine/Unreal/Saucewich/Content/Blueprints/BP_GameInstance.uasset" 725
"D:/Programming/Game Engine/Unreal/Saucewich/Content/Blueprints/Lobby/BP_LobbyPC.uasset" 726
"D:/Programming/Game Engine/Unreal/Saucewich/Content/Assets/UI/Textures/Lobby/T_Account.uasset" 727
"D:/Programming/Game Engine/Unreal/Saucewich/Content/Assets/UI/Textures/Lobby/T_GameCodeButton.uasset" 728
"D:/Programming/Game Engine/Unreal/Saucewich/Content/Assets/UI/Textures/Lobby/T_GameLogo.uasset" 729
"D:/Programming/Game Engine/Unreal/Saucewich/Content/Assets/UI/Textures/Lobby/T_GameStart.uasset" 730
"D:/Programming/Game Engine/Unreal/Saucewich/Content/Assets/UI/Textures/Lobby/T_GameStartButton.uasset" 731
"D:/Programming/Game Engine/Unreal/Saucewich/Content/Assets/UI/Textures/Lobby/T_Option.uasset" 732
"D:/Programming/Game Engine/Unreal/Saucewich/Content/Assets/UI/Textures/Lobby/T_TeamLogo.uasset" 733
"D:/Programming/Game Engine/Unreal/Saucewich/Content/Blueprints/Widget/Lobby/UMG_Developer.uasset" 734
"D:/Programming/Game Engine/Unreal/Saucewich/Content/Blueprints/Widget/Lobby/Menu/UMG_Developers.uasset" 735
"D:/Programming/Game Engine/Unreal/Saucewich/Content/Assets/UI/Textures/Lobby/T_EnterLong.uasset" 736
"D:/Programming/Game Engine/Unreal/Saucewich/Content/Blueprints/Widget/Lobby/Menu/UMG_GameCode.uasset" 737
"D:/Programming/Game Engine/Unreal/Saucewich/Content/Assets/UI/Textures/Lobby/T_ButtonLong.uasset" 738
"D:/Programming/Game Engine/Unreal/Saucewich/Content/Assets/UI/Textures/Lobby/T_RectLevel.uasset" 739
"D:/Programming/Game Engine/Unreal/Saucewich/Content/Assets/UI/Textures/Lobby/T_SquareBig.uasset" 740
"D:/Programming/Game Engine/Unreal/Saucewich/Content/Blueprints/Widget/Lobby/UMG_LobbyUserInfo.uasset" 741
"D:/Programming/Game Engine/Unreal/Saucewich/Content/Blueprints/Widget/Lobby/Menu/UMG_AccountInfo.uasset" 742
"D:/Programming/Game Engine/Unreal/Saucewich/Content/Assets/UI/Textures/Lobby/T_Exp.uasset" 743
"D:/Programming/Game Engine/Unreal/Saucewich/Content/Assets/UI/Textures/Lobby/T_ExpBarLeft.uasset" 744
"D:/Programming/Game Engine/Unreal/Saucewich/Content/Assets/UI/Textures/Lobby/T_ExpBarMid.uasset" 745
"D:/Programming/Game Engine/Unreal/Saucewich/Content/Assets/UI/Textures/Lobby/T_ExpBarRight.uasset" 746
"D:/Programming/Game Engine/Unreal/Saucewich/Content/Blueprints/Widget/Lobby/UMG_ExpBar.uasset" 747
"D:/Programming/Game Engine/Unreal/Saucewich/Content/Blueprints/Widget/Lobby/UMG_AccountPanel.uasset" 748
"D:/Programming/Game Engine/Unreal/Saucewich/Content/Blueprints/Widget/Lobby/Menu/UMG_Account.uasset" 749
"D:/Programming/Game Engine/Unreal/Saucewich/Content/Blueprints/Widget/Lobby/UMG_NoAccountPanel.uasset" 750
"D:/Programming/Game Engine/Unreal/Saucewich/Content/Blueprints/Widget/Lobby/UMG_Lobby.uasset" 751
"D:/Programming/Game Engine/Unreal/Saucewich/Content/Blueprints/Lobby/BP_LobbyHUD.uasset" 752
"D:/Programming/Game Engine/Unreal/Saucewich/Content/Blueprints/Lobby/BP_LobbyGM.uasset" 753
"D:/Programming/Game Engine/Unreal/Saucewich/Content/Maps/Lobby_BuiltData.uasset" 754
"../../../Engine/Content/BasicShapes/Plane.uasset" 755
"D:/Programming/Game Engine/Unreal/Saucewich/Content/Assets/Props/AppleMesh/T_Apple.uasset" 756
"D:/Programming/Game Engine/Unreal/Saucewich/Content/Assets/Props/AppleMesh/MI_Apple.uasset" 757
"D:/Programming/Game Engine/Unreal/Saucewich/Content/Assets/Props/AppleMesh/SM_Apple.uasset" 758
"D:/Programming/Game Engine/Unreal/Saucewich/Content/Assets/Props/DinnerTable/T_DinnerTableWood.uasset" 759
"D:/Programming/Game Engine/Unreal/Saucewich/Content/Assets/Props/DinnerTable/MI_DinnerTable.uasset" 760
"D:/Programming/Game Engine/Unreal/Saucewich/Content/Assets/Props/DinnerTable/T_DinnerTableCloth.uasset" 761
"D:/Programming/Game Engine/Unreal/Saucewich/Content/Assets/Props/DinnerTable/MI_DinnerTableCloth.uasset" 762
"D:/Programming/Game Engine/Unreal/Saucewich/Content/Assets/Props/DinnerTable/SM_DinnerTable.uasset" 763
"D:/Programming/Game Engine/Unreal/Saucewich/Content/Assets/Props/Lobby/T_Floor.uasset" 764
"D:/Programming/Game Engine/Unreal/Saucewich/Content/Assets/Props/Lobby/MI_Floor.uasset" 765
"D:/Programming/Game Engine/Unreal/Saucewich/Content/Assets/Props/Lobby/MI_Handle.uasset" 766
"D:/Programming/Game Engine/Unreal/Saucewich/Content/Assets/Props/Lobby/MI_Shelf.uasset" 767
"D:/Programming/Game Engine/Unreal/Saucewich/Content/Assets/Props/Lobby/MI_Sink.uasset" 768
"D:/Programming/Game Engine/Unreal/Saucewich/Content/Assets/Props/Lobby/T_TableMarble.uasset" 769
"D:/Programming/Game Engine/Unreal/Saucewich/Content/Assets/Props/Lobby/MI_TableRock.uasset" 770
"D:/Programming/Game Engine/Unreal/Saucewich/Content/Assets/Props/Lobby/MI_Test.uasset" 771
"D:/Programming/Game Engine/Unreal/Saucewich/Content/Assets/Props/Lobby/T_Wall.uasset" 772
"D:/Programming/Game Engine/Unreal/Saucewich/Content/Assets/Props/Lobby/MI_Wall.uasset" 773
"D:/Programming/Game Engine/Unreal/Saucewich/Content/Assets/Props/Lobby/MI_White.uasset" 774
"D:/Programming/Game Engine/Unreal/Saucewich/Content/Assets/Props/Lobby/TestLobby.uasset" 775
"D:/Programming/Game Engine/Unreal/Saucewich/Content/Maps/Lobby.umap" 776
